Using pre-set license
Built from '2020.3/staging' branch; Version is '2020.3.0f1 (c7b5465681fb) revision 13088070'; Using compiler version '192528614'; Build Type 'Release'
OS: 'Windows 10 Pro; OS build 19041.867; Version 2004; 64bit' Language: 'pl' Physical Memory: 8098 MB
BatchMode: 1, IsHumanControllingUs: 0, StartBugReporterOnCrash: 0, Is64bit: 1, IsPro: 0

 COMMAND LINE ARGUMENTS:
C:\Program Files\Unity\Hub\Editor\2020.3.0f1\Editor\Unity.exe
-adb2
-batchMode
-noUpm
-name
AssetImportWorker0
-projectPath
C:/Unity Projects/GameTwo3D/Gra3D
-logFile
Logs/AssetImportWorker0.log
-srvPort
58712
Successfully changed project path to: C:/Unity Projects/GameTwo3D/Gra3D
C:/Unity Projects/GameTwo3D/Gra3D
Using Asset Import Pipeline V2.
Refreshing native plugins compatible for Editor in 31.12 ms, found 0 plugins.
Preloading 0 native plugins for Editor in 0.00 ms.
Initialize engine version: 2020.3.0f1 (c7b5465681fb)
[Subsystems] Discovering subsystems at path C:/Program Files/Unity/Hub/Editor/2020.3.0f1/Editor/Data/Resources/UnitySubsystems
[Subsystems] Discovering subsystems at path C:/Unity Projects/GameTwo3D/Gra3D/Assets
GfxDevice: creating device client; threaded=0
Direct3D:
    Version:  Direct3D 11.0 [level 11.0]
    Renderer: NVIDIA GeForce MX110 (ID=0x174e)
    Vendor:   
    VRAM:     2010 MB
    Driver:   26.21.14.4259
Initialize mono
Mono path[0] = 'C:/Program Files/Unity/Hub/Editor/2020.3.0f1/Editor/Data/Managed'
Mono path[1] = 'C:/Program Files/Unity/Hub/Editor/2020.3.0f1/Editor/Data/MonoBleedingEdge/lib/mono/unityjit'
Mono config path = 'C:/Program Files/Unity/Hub/Editor/2020.3.0f1/Editor/Data/MonoBleedingEdge/etc'
Using monoOptions --debugger-agent=transport=dt_socket,embedding=1,server=y,suspend=n,address=127.0.0.1:56288
Begin MonoManager ReloadAssembly
Registering precompiled unity dll's ...
Register platform support module: C:/Program Files/Unity/Hub/Editor/2020.3.0f1/Editor/Data/PlaybackEngines/WindowsStandaloneSupport/UnityEditor.WindowsStandalone.Extensions.dll
Registered in 0.002567 seconds.
Native extension for WindowsStandalone target not found
Refreshing native plugins compatible for Editor in 50.07 ms, found 0 plugins.
Preloading 0 native plugins for Editor in 0.00 ms.
Invoked RoslynAnalysisRunner static constructor.
RoslynAnalysisRunner will not be running.
RoslynAnalysisRunner has terminated.
Mono: successfully reloaded assembly
- Completed reload, in  2.778 seconds
Platform modules already initialized, skipping
Registering precompiled user dll's ...
Registered in 0.001471 seconds.
Begin MonoManager ReloadAssembly
Native extension for WindowsStandalone target not found
Refreshing native plugins compatible for Editor in 0.30 ms, found 0 plugins.
Preloading 0 native plugins for Editor in 0.00 ms.
Invoked RoslynAnalysisRunner static constructor.
RoslynAnalysisRunner will not be running.
RoslynAnalysisRunner has terminated.
Mono: successfully reloaded assembly
- Completed reload, in  1.215 seconds
Platform modules already initialized, skipping
========================================================================
Worker process is ready to serve import requests
Launched and connected shader compiler UnityShaderCompiler.exe after 0.06 seconds
Refreshing native plugins compatible for Editor in 0.42 ms, found 0 plugins.
Preloading 0 native plugins for Editor in 0.00 ms.
Unloading 1481 Unused Serialized files (Serialized files now loaded: 0)
System memory in use before: 71.9 MB.
System memory in use after: 71.9 MB.

Unloading 68 unused Assets to reduce memory usage. Loaded Objects now: 1918.
Total: 2.812300 ms (FindLiveObjects: 0.186700 ms CreateObjectMapping: 0.062500 ms MarkObjects: 2.315600 ms  DeleteObjects: 0.245400 ms)

========================================================================
Received Import Request.
  path: Assets/Materials
  artifactKey: Guid(e60c96adf42bd4c4dbb72e4debc31d62) Importer(815301076,1909f56bfc062723c751e8b465ee728b)
Start importing Assets/Materials using Guid(e60c96adf42bd4c4dbb72e4debc31d62) Importer(815301076,1909f56bfc062723c751e8b465ee728b)  -> (artifact id: 'fd2ca3c8afd6cf04805211029314f16d') in 0.007301 seconds
  Import took 0.009994 seconds .

========================================================================
Received Import Request.
  Time since last request: 5.015674 seconds.
  path: Assets/Materials/M1.mat
  artifactKey: Guid(6d46ad3ea6acfd7478536e5d8c6077c7) Importer(815301076,1909f56bfc062723c751e8b465ee728b)
Start importing Assets/Materials/M1.mat using Guid(6d46ad3ea6acfd7478536e5d8c6077c7) Importer(815301076,1909f56bfc062723c751e8b465ee728b)  -> (artifact id: 'd1eb82846c3837831c632bf8f343df61') in 0.156625 seconds
  Import took 0.159257 seconds .

AssetImportWorkerClient::OnTransportError - code=2 error=End of file
